This file contains any messages produced by compilers while
running configure, to aid debugging if configure makes a mistake.

configure:579: checking host system type
configure:600: checking target system type
configure:618: checking build system type
configure:657: checking for a BSD compatible install
configure:710: checking whether build environment is sane
configure:767: checking whether make sets ${MAKE}
configure:813: checking for working aclocal
configure:826: checking for working autoconf
configure:839: checking for working automake
configure:852: checking for working autoheader
configure:865: checking for working makeinfo
configure:884: checking for c++
configure:916: checking whether the C++ compiler (c++  ) works
configure:932: c++ -o conftest    conftest.C  1>&5
configure:958: checking whether the C++ compiler (c++  ) is a cross-compiler
configure:963: checking whether we are using GNU C++
configure:991: checking whether c++ accepts -g
configure:1040: cc -c   conftest.c 1>&5
configure:1057: cc -c   conftest.c 1>&5
configure:1076: checking for gcc
configure:1189: checking whether the C compiler (gcc  ) works
configure:1205: gcc -o conftest    conftest.c  1>&5
configure:1231: checking whether the C compiler (gcc  ) is a cross-compiler
configure:1236: checking whether we are using GNU C
configure:1264: checking whether gcc accepts -g
configure:1301: checking for g77
configure:1334: checking whether the Fortran 77 compiler (g77  ) works
configure:1347: g77 -o conftest   conftest.f  1>&5
configure:1373: checking whether the Fortran 77 compiler (g77  ) is a cross-compiler
configure:1378: checking whether we are using GNU Fortran 77
configure:1402: checking whether g77 accepts -g
configure:1439: checking how to run the C preprocessor
configure:1520: checking whether gcc needs -traditional
configure:1570: checking for gawk
configure:1611: checking for a BSD compatible install
configure:1666: checking for ranlib
configure:1694: checking whether ln -s works
configure:1715: checking whether make sets ${MAKE}
configure:1742: checking for Fortran 77 libraries
configure:1900: checking for a valid IFU_C_iolibs
configure:1948: checking for open_frame in -lio
configure:1991: checking for IFU_C_mathlibs
configure:2022: checking for a GSL lib
configure:2053: checking for gsl_stats_sd_m in -lgsl
configure:2096: checking for ROOT system
configure:2109: checking for ANSI C header files
configure:2216: checking for malloc.h
configure:2216: checking for unistd.h
configure:2254: checking whether time.h and sys/time.h may both be included
configure:2292: checking for select
configure:2292: checking for strerror
configure:2292: checking for strspn
configure:2292: checking for strstr
